{"synthetic": false,
 "schemaVersion": "2025-09-10",
 "outputs":
 {"o": ["fcdcbadb051bf584.olean"],
  "i": "9f5fed47c42a9edf.ilean",
  "c": "20a90165fbadd9ce.c"},
 "log":
 [{"message":
   ".> LEAN_PATH=/Users/ilpreterosso/VSCode/LEAN/LEANearized-RadiiPolynomial/.lake/packages/MD4Lean/.lake/build/lib/lean:/Users/ilpreterosso/VSCode/LEAN/LEANearized-RadiiPolynomial/.lake/packages/BibtexQuery/.lake/build/lib/lean:/Users/ilpreterosso/VSCode/LEAN/LEANearized-RadiiPolynomial/.lake/packages/UnicodeBasic/.lake/build/lib/lean:/Users/ilpreterosso/VSCode/LEAN/LEANearized-RadiiPolynomial/.lake/packages/Cli/.lake/build/lib/lean:/Users/ilpreterosso/VSCode/LEAN/LEANearized-RadiiPolynomial/.lake/packages/batteries/.lake/build/lib/lean:/Users/ilpreterosso/VSCode/LEAN/LEANearized-RadiiPolynomial/.lake/packages/Qq/.lake/build/lib/lean:/Users/ilpreterosso/VSCode/LEAN/LEANearized-RadiiPolynomial/.lake/packages/aesop/.lake/build/lib/lean:/Users/ilpreterosso/VSCode/LEAN/LEANearized-RadiiPolynomial/.lake/packages/proofwidgets/.lake/build/lib/lean:/Users/ilpreterosso/VSCode/LEAN/LEANearized-RadiiPolynomial/.lake/packages/importGraph/.lake/build/lib/lean:/Users/ilpreterosso/VSCode/LEAN/LEANearized-RadiiPolynomial/.lake/packages/LeanSearchClient/.lake/build/lib/lean:/Users/ilpreterosso/VSCode/LEAN/LEANearized-RadiiPolynomial/.lake/packages/plausible/.lake/build/lib/lean:/Users/ilpreterosso/VSCode/LEAN/LEANearized-RadiiPolynomial/.lake/packages/checkdecls/.lake/build/lib/lean:/Users/ilpreterosso/VSCode/LEAN/LEANearized-RadiiPolynomial/.lake/packages/doc-gen4/.lake/build/lib/lean:/Users/ilpreterosso/VSCode/LEAN/LEANearized-RadiiPolynomial/.lake/packages/mathlib/.lake/build/lib/lean:/Users/ilpreterosso/VSCode/LEAN/LEANearized-RadiiPolynomial/.lake/build/lib/lean /Users/ilpreterosso/.elan/toolchains/leanprover--lean4---v4.26.0-rc1/bin/lean /Users/ilpreterosso/VSCode/LEAN/LEANearized-RadiiPolynomial/RadiiPolynomial.lean -o /Users/ilpreterosso/VSCode/LEAN/LEANearized-RadiiPolynomial/.lake/build/lib/lean/RadiiPolynomial.olean -i /Users/ilpreterosso/VSCode/LEAN/LEANearized-RadiiPolynomial/.lake/build/lib/lean/RadiiPolynomial.ilean -c /Users/ilpreterosso/VSCode/LEAN/LEANearized-RadiiPolynomial/.lake/build/ir/RadiiPolynomial.c --setup /Users/ilpreterosso/VSCode/LEAN/LEANearized-RadiiPolynomial/.lake/build/ir/RadiiPolynomial.setup.json --json",
   "level": "trace"}],
 "inputs":
 [["RadiiPolynomial:deps",
   [["deps",
     [["RadiiPolynomial/RadiiPolynomial:extraDep",
       [["@RadiiPolynomial:extraDep", "00000000000006bb"]]],
      ["imports",
       [["RadiiPolynomial.RadiiPolyGeneral transitive imports (legacy)",
         "311b7c83520b268c"],
        ["RadiiPolynomial.RadiiPolyGeneral:importAllArts",
         "9527787fc5f431b6"]]]]],
    ["libs",
     [["import dynlibs", "00000000000006bb"],
      ["package external libraries", "00000000000006bb"],
      ["module dynlibs", "00000000000006bb"],
      ["module plugins", "00000000000006bb"]]]]],
  ["Lean 4.26.0, commit fe21b950586cde248dae4b2a0f59d43c1f19cd87",
   "728b4bc0a6a2d67d"],
  ["/Users/ilpreterosso/VSCode/LEAN/LEANearized-RadiiPolynomial/RadiiPolynomial.lean",
   "b49a105f0949e315"],
  ["options", "00000000000006bb"],
  ["Module.leanArgs: #[]", "00000000000006bb"]],
 "depHash": "ce3f17bec08c71f0"}