{"synthetic": false,
 "schemaVersion": "2025-09-10",
 "outputs":
 {"o": ["0415840de7c15e1f.olean"],
  "i": "4c86803c257c1d5e.ilean",
  "c": "1e1c527e99ced0a5.c"},
 "log":
 [{"message":
   ".> LEAN_PATH=/Users/ilpreterosso/VSCode/LEAN/LEANearized-RadiiPolynomial/.lake/packages/MD4Lean/.lake/build/lib/lean:/Users/ilpreterosso/VSCode/LEAN/LEANearized-RadiiPolynomial/.lake/packages/BibtexQuery/.lake/build/lib/lean:/Users/ilpreterosso/VSCode/LEAN/LEANearized-RadiiPolynomial/.lake/packages/UnicodeBasic/.lake/build/lib/lean:/Users/ilpreterosso/VSCode/LEAN/LEANearized-RadiiPolynomial/.lake/packages/Cli/.lake/build/lib/lean:/Users/ilpreterosso/VSCode/LEAN/LEANearized-RadiiPolynomial/.lake/packages/batteries/.lake/build/lib/lean:/Users/ilpreterosso/VSCode/LEAN/LEANearized-RadiiPolynomial/.lake/packages/Qq/.lake/build/lib/lean:/Users/ilpreterosso/VSCode/LEAN/LEANearized-RadiiPolynomial/.lake/packages/aesop/.lake/build/lib/lean:/Users/ilpreterosso/VSCode/LEAN/LEANearized-RadiiPolynomial/.lake/packages/proofwidgets/.lake/build/lib/lean:/Users/ilpreterosso/VSCode/LEAN/LEANearized-RadiiPolynomial/.lake/packages/importGraph/.lake/build/lib/lean:/Users/ilpreterosso/VSCode/LEAN/LEANearized-RadiiPolynomial/.lake/packages/LeanSearchClient/.lake/build/lib/lean:/Users/ilpreterosso/VSCode/LEAN/LEANearized-RadiiPolynomial/.lake/packages/plausible/.lake/build/lib/lean:/Users/ilpreterosso/VSCode/LEAN/LEANearized-RadiiPolynomial/.lake/packages/checkdecls/.lake/build/lib/lean:/Users/ilpreterosso/VSCode/LEAN/LEANearized-RadiiPolynomial/.lake/packages/doc-gen4/.lake/build/lib/lean:/Users/ilpreterosso/VSCode/LEAN/LEANearized-RadiiPolynomial/.lake/packages/mathlib/.lake/build/lib/lean:/Users/ilpreterosso/VSCode/LEAN/LEANearized-RadiiPolynomial/.lake/build/lib/lean /Users/ilpreterosso/.elan/toolchains/leanprover--lean4---v4.26.0-rc1/bin/lean /Users/ilpreterosso/VSCode/LEAN/LEANearized-RadiiPolynomial/RadiiPolynomial/RadiiPolyGeneral.lean -o /Users/ilpreterosso/VSCode/LEAN/LEANearized-RadiiPolynomial/.lake/build/lib/lean/RadiiPolynomial/RadiiPolyGeneral.olean -i /Users/ilpreterosso/VSCode/LEAN/LEANearized-RadiiPolynomial/.lake/build/lib/lean/RadiiPolynomial/RadiiPolyGeneral.ilean -c /Users/ilpreterosso/VSCode/LEAN/LEANearized-RadiiPolynomial/.lake/build/ir/RadiiPolynomial/RadiiPolyGeneral.c --setup /Users/ilpreterosso/VSCode/LEAN/LEANearized-RadiiPolynomial/.lake/build/ir/RadiiPolynomial/RadiiPolyGeneral.setup.json --json",
   "level": "trace"}],
 "inputs":
 [["RadiiPolynomial.RadiiPolyGeneral:deps",
   [["deps",
     [["RadiiPolynomial/RadiiPolynomial:extraDep",
       [["@RadiiPolynomial:extraDep", "00000000000006bb"]]],
      ["imports",
       [["Mathlib.Analysis.Calculus.Deriv.Mul transitive imports (legacy)",
         "d37b80e5a16365b1"],
        ["Mathlib.Analysis.Calculus.Deriv.Mul:importAllArts",
         "9ee6de96ecb2b12b"],
        ["Mathlib.Analysis.Calculus.FDeriv.Basic transitive imports (legacy)",
         "2ae54b128dfcea46"],
        ["Mathlib.Analysis.Calculus.FDeriv.Basic:importAllArts",
         "c20e3b2905d2ecc3"],
        ["Mathlib.Analysis.Calculus.MeanValue transitive imports (legacy)",
         "65ba10d4d7232383"],
        ["Mathlib.Analysis.Calculus.MeanValue:importAllArts",
         "51bc47a255eaf354"],
        ["Mathlib.Topology.MetricSpace.Contracting transitive imports (legacy)",
         "3b45beaf70128d71"],
        ["Mathlib.Topology.MetricSpace.Contracting:importAllArts",
         "9bb10a921157de93"]]]]],
    ["libs",
     [["import dynlibs", "00000000000006bb"],
      ["package external libraries", "00000000000006bb"],
      ["module dynlibs", "00000000000006bb"],
      ["module plugins", "00000000000006bb"]]]]],
  ["Lean 4.26.0, commit fe21b950586cde248dae4b2a0f59d43c1f19cd87",
   "728b4bc0a6a2d67d"],
  ["/Users/ilpreterosso/VSCode/LEAN/LEANearized-RadiiPolynomial/RadiiPolynomial/RadiiPolyGeneral.lean",
   "15e20be364a5ae41"],
  ["options", "00000000000006bb"],
  ["Module.leanArgs: #[]", "00000000000006bb"]],
 "depHash": "974ca99a99d736c9"}